build/app/intermediates/manifest_merge_blame_file/debug/manifest-merger-blame-debug-report.txt
1<?xml version="1.0" encoding="utf-8"?>
2<manifest xmlns:android="http://schemas.android.com/apk/res/android"
3    package="com.example.social_hobby_app"
4    android:versionCode="1"
5    android:versionName="1.0.0" >
6
7    <uses-sdk
8        android:minSdkVersion="21"
9        android:targetSdkVersion="30" />
10    <!--
11         Flutter needs it to communicate with the running application
12         to allow setting breakpoints, to provide hot reload, etc.
13    -->
14    <uses-permission android:name="android.permission.INTERNET" />
14-->src\debug\AndroidManifest.xml:6:5-66
14-->src\debug\AndroidManifest.xml:6:22-64
15    <uses-permission android:name="android.permission.ACCESS_NETWORK_STATE" />
15-->[com.google.firebase:firebase-auth:20.0.3] AndroidManifest.xml:24:5-79
15-->[com.google.firebase:firebase-auth:20.0.3] AndroidManifest.xml:24:22-76
16    <uses-permission android:name="android.permission.WAKE_LOCK" />
16-->[com.google.android.gms:play-services-measurement-api:18.0.2] AndroidManifest.xml:24:5-68
16-->[com.google.android.gms:play-services-measurement-api:18.0.2] AndroidManifest.xml:24:22-65
17    <uses-permission android:name="com.google.android.finsky.permission.BIND_GET_INSTALL_REFERRER_SERVICE" />
17-->[com.google.android.gms:play-services-measurement:18.0.2] AndroidManifest.xml:26:5-110
17-->[com.google.android.gms:play-services-measurement:18.0.2] AndroidManifest.xml:26:22-107
18
19    <application
19-->src\main\AndroidManifest.xml:3:4-40:19
20        android:appComponentFactory="androidx.core.app.CoreComponentFactory"
20-->[androidx.core:core:1.1.0] AndroidManifest.xml:24:18-86
21        android:debuggable="true"
22        android:icon="@mipmap/ic_launcher"
22-->src\main\AndroidManifest.xml:5:9-43
23        android:label="social_hobby_app" >
23-->src\main\AndroidManifest.xml:4:9-41
24        <activity
24-->src\main\AndroidManifest.xml:6:9-34:20
25            android:name="com.example.social_hobby_app.MainActivity"
25-->src\main\AndroidManifest.xml:7:13-41
26            android:configChanges="orientation|keyboardHidden|keyboard|screenSize|smallestScreenSize|locale|layoutDirection|fontScale|screenLayout|density|uiMode"
26-->src\main\AndroidManifest.xml:10:13-163
27            android:hardwareAccelerated="true"
27-->src\main\AndroidManifest.xml:11:13-47
28            android:launchMode="singleTop"
28-->src\main\AndroidManifest.xml:8:13-43
29            android:theme="@style/LaunchTheme"
29-->src\main\AndroidManifest.xml:9:13-47
30            android:windowSoftInputMode="adjustResize" >
30-->src\main\AndroidManifest.xml:12:13-55
31
32            <!--
33                 Specifies an Android theme to apply to this Activity as soon as
34                 the Android process has started. This theme is visible to the user
35                 while the Flutter UI initializes. After that, this theme continues
36                 to determine the Window background behind the Flutter UI.
37            -->
38            <meta-data
38-->src\main\AndroidManifest.xml:17:13-20:17
39                android:name="io.flutter.embedding.android.NormalTheme"
39-->src\main\AndroidManifest.xml:18:15-70
40                android:resource="@style/NormalTheme" />
40-->src\main\AndroidManifest.xml:19:15-52
41            <!--
42                 Displays an Android View that continues showing the launch screen
43                 Drawable until Flutter paints its first frame, then this splash
44                 screen fades out. A splash screen is useful to avoid any visual
45                 gap between the end of Android's launch screen and the painting of
46                 Flutter's first frame.
47            -->
48            <meta-data
48-->src\main\AndroidManifest.xml:26:13-29:17
49                android:name="io.flutter.embedding.android.SplashScreenDrawable"
49-->src\main\AndroidManifest.xml:27:15-79
50                android:resource="@drawable/launch_background" />
50-->src\main\AndroidManifest.xml:28:15-61
51
52            <intent-filter>
52-->src\main\AndroidManifest.xml:30:13-33:29
53                <action android:name="android.intent.action.MAIN" />
53-->src\main\AndroidManifest.xml:31:17-68
53-->src\main\AndroidManifest.xml:31:25-66
54
55                <category android:name="android.intent.category.LAUNCHER" />
55-->src\main\AndroidManifest.xml:32:17-76
55-->src\main\AndroidManifest.xml:32:27-74
56            </intent-filter>
57        </activity>
58        <!--
59             Don't delete the meta-data below.
60             This is used by the Flutter tool to generate GeneratedPluginRegistrant.java
61        -->
62        <meta-data
62-->src\main\AndroidManifest.xml:37:9-39:33
63            android:name="flutterEmbedding"
63-->src\main\AndroidManifest.xml:38:13-44
64            android:value="2" />
64-->src\main\AndroidManifest.xml:39:13-30
65
66        <service
66-->[:firebase_auth] AndroidManifest.xml:8:9-12:19
67            android:name="com.google.firebase.components.ComponentDiscoveryService"
67-->[:firebase_auth] AndroidManifest.xml:8:18-89
68            android:directBootAware="true"
68-->[com.google.firebase:firebase-common:19.5.0] AndroidManifest.xml:35:13-43
69            android:exported="false" >
69-->[com.google.firebase:firebase-analytics-ktx:18.0.2] AndroidManifest.xml:10:13-37
70            <meta-data
70-->[:firebase_auth] AndroidManifest.xml:9:13-11:85
71                android:name="com.google.firebase.components:io.flutter.plugins.firebase.auth.FlutterFirebaseAuthRegistrar"
71-->[:firebase_auth] AndroidManifest.xml:10:17-124
72                android:value="com.google.firebase.components.ComponentRegistrar" />
72-->[:firebase_auth] AndroidManifest.xml:11:17-82
73            <meta-data
73-->[:cloud_firestore] AndroidManifest.xml:9:13-11:85
74                android:name="com.google.firebase.components:io.flutter.plugins.firebase.firestore.FlutterFirebaseFirestoreRegistrar"
74-->[:cloud_firestore] AndroidManifest.xml:10:17-134
75                android:value="com.google.firebase.components.ComponentRegistrar" />
75-->[:cloud_firestore] AndroidManifest.xml:11:17-82
76            <meta-data
76-->[:firebase_core] AndroidManifest.xml:9:13-11:85
77                android:name="com.google.firebase.components:io.flutter.plugins.firebase.core.FlutterFirebaseCoreRegistrar"
77-->[:firebase_core] AndroidManifest.xml:10:17-124
78                android:value="com.google.firebase.components.ComponentRegistrar" />
78-->[:firebase_core] AndroidManifest.xml:11:17-82
79            <meta-data
79-->[com.google.firebase:firebase-analytics-ktx:18.0.2] AndroidManifest.xml:11:13-13:85
80                android:name="com.google.firebase.components:com.google.firebase.analytics.ktx.FirebaseAnalyticsKtxRegistrar"
80-->[com.google.firebase:firebase-analytics-ktx:18.0.2] AndroidManifest.xml:12:17-126
81                android:value="com.google.firebase.components.ComponentRegistrar" />
81-->[com.google.firebase:firebase-analytics-ktx:18.0.2] AndroidManifest.xml:13:17-82
82            <meta-data
82-->[com.google.firebase:firebase-common-ktx:19.5.0] AndroidManifest.xml:15:13-17:85
83                android:name="com.google.firebase.components:com.google.firebase.ktx.FirebaseCommonKtxRegistrar"
83-->[com.google.firebase:firebase-common-ktx:19.5.0] AndroidManifest.xml:16:17-113
84                android:value="com.google.firebase.components.ComponentRegistrar" />
84-->[com.google.firebase:firebase-common-ktx:19.5.0] AndroidManifest.xml:17:17-82
85            <meta-data
85-->[com.google.firebase:firebase-auth:20.0.3] AndroidManifest.xml:77:13-79:85
86                android:name="com.google.firebase.components:com.google.firebase.auth.FirebaseAuthRegistrar"
86-->[com.google.firebase:firebase-auth:20.0.3] AndroidManifest.xml:78:17-109
87                android:value="com.google.firebase.components.ComponentRegistrar" />
87-->[com.google.firebase:firebase-auth:20.0.3] AndroidManifest.xml:79:17-82
88            <meta-data
88-->[com.google.firebase:firebase-firestore:22.1.1] AndroidManifest.xml:20:13-22:85
89                android:name="com.google.firebase.components:com.google.firebase.firestore.FirestoreRegistrar"
89-->[com.google.firebase:firebase-firestore:22.1.1] AndroidManifest.xml:21:17-111
90                android:value="com.google.firebase.components.ComponentRegistrar" />
90-->[com.google.firebase:firebase-firestore:22.1.1] AndroidManifest.xml:22:17-82
91            <meta-data
91-->[com.google.android.gms:play-services-measurement-api:18.0.2] AndroidManifest.xml:30:13-32:85
92                android:name="com.google.firebase.components:com.google.firebase.analytics.connector.internal.AnalyticsConnectorRegistrar"
92-->[com.google.android.gms:play-services-measurement-api:18.0.2] AndroidManifest.xml:31:17-139
93                android:value="com.google.firebase.components.ComponentRegistrar" />
93-->[com.google.android.gms:play-services-measurement-api:18.0.2] AndroidManifest.xml:32:17-82
94            <meta-data
94-->[com.google.firebase:firebase-installations:16.3.5] AndroidManifest.xml:18:13-20:85
95                android:name="com.google.firebase.components:com.google.firebase.installations.FirebaseInstallationsRegistrar"
95-->[com.google.firebase:firebase-installations:16.3.5] AndroidManifest.xml:19:17-127
96                android:value="com.google.firebase.components.ComponentRegistrar" />
96-->[com.google.firebase:firebase-installations:16.3.5] AndroidManifest.xml:20:17-82
97            <!--
98                This registrar is not defined in the dynamic-module-support sdk itself to allow non-firebase
99                clients to use it as well, by defining this registrar in their own core/common library.
100            -->
101            <meta-data
101-->[com.google.firebase:firebase-common:19.5.0] AndroidManifest.xml:43:13-45:85
102                android:name="com.google.firebase.components:com.google.firebase.dynamicloading.DynamicLoadingRegistrar"
102-->[com.google.firebase:firebase-common:19.5.0] AndroidManifest.xml:44:17-121
103                android:value="com.google.firebase.components.ComponentRegistrar" />
103-->[com.google.firebase:firebase-common:19.5.0] AndroidManifest.xml:45:17-82
104        </service>
105
106        <activity
106-->[com.google.firebase:firebase-auth:20.0.3] AndroidManifest.xml:27:9-44:20
107            android:name="com.google.firebase.auth.internal.GenericIdpActivity"
107-->[com.google.firebase:firebase-auth:20.0.3] AndroidManifest.xml:28:13-80
108            android:excludeFromRecents="true"
108-->[com.google.firebase:firebase-auth:20.0.3] AndroidManifest.xml:29:13-46
109            android:exported="true"
109-->[com.google.firebase:firebase-auth:20.0.3] AndroidManifest.xml:30:13-36
110            android:launchMode="singleTask"
110-->[com.google.firebase:firebase-auth:20.0.3] AndroidManifest.xml:31:13-44
111            android:theme="@android:style/Theme.Translucent.NoTitleBar" >
111-->[com.google.firebase:firebase-auth:20.0.3] AndroidManifest.xml:32:13-72
112            <intent-filter>
112-->[com.google.firebase:firebase-auth:20.0.3] AndroidManifest.xml:33:13-43:29
113                <action android:name="android.intent.action.VIEW" />
113-->[com.google.firebase:firebase-auth:20.0.3] AndroidManifest.xml:34:17-69
113-->[com.google.firebase:firebase-auth:20.0.3] AndroidManifest.xml:34:25-66
114
115                <category android:name="android.intent.category.DEFAULT" />
115-->[com.google.firebase:firebase-auth:20.0.3] AndroidManifest.xml:36:17-76
115-->[com.google.firebase:firebase-auth:20.0.3] AndroidManifest.xml:36:27-73
116                <category android:name="android.intent.category.BROWSABLE" />
116-->[com.google.firebase:firebase-auth:20.0.3] AndroidManifest.xml:37:17-78
116-->[com.google.firebase:firebase-auth:20.0.3] AndroidManifest.xml:37:27-75
117
118                <data
118-->[com.google.firebase:firebase-auth:20.0.3] AndroidManifest.xml:39:17-42:51
119                    android:host="firebase.auth"
119-->[com.google.firebase:firebase-auth:20.0.3] AndroidManifest.xml:40:21-49
120                    android:path="/"
120-->[com.google.firebase:firebase-auth:20.0.3] AndroidManifest.xml:41:21-37
121                    android:scheme="genericidp" />
121-->[com.google.firebase:firebase-auth:20.0.3] AndroidManifest.xml:42:21-48
122            </intent-filter>
123        </activity>
124        <activity
124-->[com.google.firebase:firebase-auth:20.0.3] AndroidManifest.xml:45:9-62:20
125            android:name="com.google.firebase.auth.internal.RecaptchaActivity"
125-->[com.google.firebase:firebase-auth:20.0.3] AndroidManifest.xml:46:13-79
126            android:excludeFromRecents="true"
126-->[com.google.firebase:firebase-auth:20.0.3] AndroidManifest.xml:47:13-46
127            android:exported="true"
127-->[com.google.firebase:firebase-auth:20.0.3] AndroidManifest.xml:48:13-36
128            android:launchMode="singleTask"
128-->[com.google.firebase:firebase-auth:20.0.3] AndroidManifest.xml:49:13-44
129            android:theme="@android:style/Theme.Translucent.NoTitleBar" >
129-->[com.google.firebase:firebase-auth:20.0.3] AndroidManifest.xml:50:13-72
130            <intent-filter>
130-->[com.google.firebase:firebase-auth:20.0.3] AndroidManifest.xml:51:13-61:29
131                <action android:name="android.intent.action.VIEW" />
131-->[com.google.firebase:firebase-auth:20.0.3] AndroidManifest.xml:34:17-69
131-->[com.google.firebase:firebase-auth:20.0.3] AndroidManifest.xml:34:25-66
132
133                <category android:name="android.intent.category.DEFAULT" />
133-->[com.google.firebase:firebase-auth:20.0.3] AndroidManifest.xml:36:17-76
133-->[com.google.firebase:firebase-auth:20.0.3] AndroidManifest.xml:36:27-73
134                <category android:name="android.intent.category.BROWSABLE" />
134-->[com.google.firebase:firebase-auth:20.0.3] AndroidManifest.xml:37:17-78
134-->[com.google.firebase:firebase-auth:20.0.3] AndroidManifest.xml:37:27-75
135
136                <data
136-->[com.google.firebase:firebase-auth:20.0.3] AndroidManifest.xml:39:17-42:51
137                    android:host="firebase.auth"
137-->[com.google.firebase:firebase-auth:20.0.3] AndroidManifest.xml:40:21-49
138                    android:path="/"
138-->[com.google.firebase:firebase-auth:20.0.3] AndroidManifest.xml:41:21-37
139                    android:scheme="recaptcha" />
139-->[com.google.firebase:firebase-auth:20.0.3] AndroidManifest.xml:42:21-48
140            </intent-filter>
141        </activity>
142
143        <service
143-->[com.google.firebase:firebase-auth:20.0.3] AndroidManifest.xml:64:9-73:19
144            android:name="com.google.firebase.auth.api.fallback.service.FirebaseAuthFallbackService"
144-->[com.google.firebase:firebase-auth:20.0.3] AndroidManifest.xml:65:13-101
145            android:enabled="true"
145-->[com.google.firebase:firebase-auth:20.0.3] AndroidManifest.xml:66:13-35
146            android:exported="false" >
146-->[com.google.firebase:firebase-auth:20.0.3] AndroidManifest.xml:67:13-37
147            <intent-filter>
147-->[com.google.firebase:firebase-auth:20.0.3] AndroidManifest.xml:68:13-72:29
148                <action android:name="com.google.firebase.auth.api.gms.service.START" />
148-->[com.google.firebase:firebase-auth:20.0.3] AndroidManifest.xml:69:17-89
148-->[com.google.firebase:firebase-auth:20.0.3] AndroidManifest.xml:69:25-86
149
150                <category android:name="android.intent.category.DEFAULT" />
150-->[com.google.firebase:firebase-auth:20.0.3] AndroidManifest.xml:36:17-76
150-->[com.google.firebase:firebase-auth:20.0.3] AndroidManifest.xml:36:27-73
151            </intent-filter>
152        </service>
153
154        <provider
154-->[com.google.firebase:firebase-common:19.5.0] AndroidManifest.xml:26:9-31:39
155            android:name="com.google.firebase.provider.FirebaseInitProvider"
155-->[com.google.firebase:firebase-common:19.5.0] AndroidManifest.xml:27:13-77
156            android:authorities="com.example.social_hobby_app.firebaseinitprovider"
156-->[com.google.firebase:firebase-common:19.5.0] AndroidManifest.xml:28:13-72
157            android:directBootAware="true"
157-->[com.google.firebase:firebase-common:19.5.0] AndroidManifest.xml:29:13-43
158            android:exported="false"
158-->[com.google.firebase:firebase-common:19.5.0] AndroidManifest.xml:30:13-37
159            android:initOrder="100" />
159-->[com.google.firebase:firebase-common:19.5.0] AndroidManifest.xml:31:13-36
160
161        <activity
161-->[com.google.android.gms:play-services-base:17.1.0] AndroidManifest.xml:23:9-26:75
162            android:name="com.google.android.gms.common.api.GoogleApiActivity"
162-->[com.google.android.gms:play-services-base:17.1.0] AndroidManifest.xml:24:13-79
163            android:exported="false"
163-->[com.google.android.gms:play-services-base:17.1.0] AndroidManifest.xml:25:13-37
164            android:theme="@android:style/Theme.Translucent.NoTitleBar" />
164-->[com.google.android.gms:play-services-base:17.1.0] AndroidManifest.xml:26:13-72
165
166        <receiver
166-->[com.google.android.gms:play-services-measurement:18.0.2] AndroidManifest.xml:29:9-33:20
167            android:name="com.google.android.gms.measurement.AppMeasurementReceiver"
167-->[com.google.android.gms:play-services-measurement:18.0.2] AndroidManifest.xml:30:13-85
168            android:enabled="true"
168-->[com.google.android.gms:play-services-measurement:18.0.2] AndroidManifest.xml:31:13-35
169            android:exported="false" >
169-->[com.google.android.gms:play-services-measurement:18.0.2] AndroidManifest.xml:32:13-37
170        </receiver>
171
172        <service
172-->[com.google.android.gms:play-services-measurement:18.0.2] AndroidManifest.xml:35:9-38:40
173            android:name="com.google.android.gms.measurement.AppMeasurementService"
173-->[com.google.android.gms:play-services-measurement:18.0.2] AndroidManifest.xml:36:13-84
174            android:enabled="true"
174-->[com.google.android.gms:play-services-measurement:18.0.2] AndroidManifest.xml:37:13-35
175            android:exported="false" />
175-->[com.google.android.gms:play-services-measurement:18.0.2] AndroidManifest.xml:38:13-37
176        <service
176-->[com.google.android.gms:play-services-measurement:18.0.2] AndroidManifest.xml:39:9-43:72
177            android:name="com.google.android.gms.measurement.AppMeasurementJobService"
177-->[com.google.android.gms:play-services-measurement:18.0.2] AndroidManifest.xml:40:13-87
178            android:enabled="true"
178-->[com.google.android.gms:play-services-measurement:18.0.2] AndroidManifest.xml:41:13-35
179            android:exported="false"
179-->[com.google.android.gms:play-services-measurement:18.0.2] AndroidManifest.xml:42:13-37
180            android:permission="android.permission.BIND_JOB_SERVICE" />
180-->[com.google.android.gms:play-services-measurement:18.0.2] AndroidManifest.xml:43:13-69
181
182        <meta-data
182-->[com.google.android.gms:play-services-basement:17.1.0] AndroidManifest.xml:23:9-25:69
183            android:name="com.google.android.gms.version"
183-->[com.google.android.gms:play-services-basement:17.1.0] AndroidManifest.xml:24:13-58
184            android:value="@integer/google_play_services_version" />
184-->[com.google.android.gms:play-services-basement:17.1.0] AndroidManifest.xml:25:13-66
185    </application>
186
187</manifest>